Build started 5/10/2014 3:31:09 PM.
     1>Project "C:\Users\fabian\AfstudeerProject\BHuman2013-master\Make\VS2012\SimulatedNao.vcxproj" on node 2 (Build target(s)).
     1>ClCompile:
         C:\Program Files (x86)\Microsoft Visual Studio 11.0\VC\bin\CL.exe /c /I../../Src /I../../Util/qtpropertybrowser /I../../Util/Eigen /I../../Util/SimRobot/Src/SimRobot /I../../Util/SimRobot/Src/SimRobotCore2 /I../../Util/SimRobot/Src/SimRobotEditor /I../../Util/snappy/include /I../../Util/libqxt /I../../Src/Platform/Win32 /I../../Util/SimRobot/Util/qt/Win32/include /I../../Util/SimRobot/Util/qt/Win32/include/QtCore /I../../Util/SimRobot/Util/qt/Win32/include/QtGUI /I../../Util/SimRobot/Util/qt/Win32/include/QtOpenGL /I../../Util/SimRobot/Util/glew/Win32/include /ZI /nologo /W3 /WX- /MP /Od /Oy- /D WIN32 /D _WIN32 /D _DEBUG /D TARGET_SIM /D QT_SHARED /D QT_OPENGL_LIB /D QT_GUI_LIB /D QT_CORE_LIB /D QT_NO_STL /D NOMINMAX /D _CRT_SECURE_NO_DEPRECATE /D _WINDLL /GF /Gm- /EHsc /RTC1 /MDd /GS /fp:precise /Zc:wchar_t- /Zc:forScope /Fo"..\..\Build\SimulatedNao\Win32\Debug\\" /Fd"..\..\Build\SimulatedNao\Win32\Debug\vc110.pdb" /Gd /TP /analyze- /errorReport:prompt ..\..\Src\Modules\BehaviorControl\BehaviorControl2013\BehaviorControl2013.cpp
         BehaviorControl2013.cpp
     1>c:\users\fabian\afstudeerproject\bhuman2013-master\src\modules\behaviorcontrol\behaviorcontrol2013\options\gamecontrol\readystate.h(90): warning C4102: 'goToPositionStriker3' : unreferenced label
     1>c:\users\fabian\afstudeerproject\bhuman2013-master\src\modules\behaviorcontrol\behaviorcontrol2013\options\gamecontrol\readystate.h(75): warning C4102: 'goToPositionStriker2' : unreferenced label
     1>c:\users\fabian\afstudeerproject\bhuman2013-master\src\modules\behaviorcontrol\behaviorcontrol2013\options\roles\defender.h(78): warning C4102: 'alignBehindBall' : unreferenced label
       Link:
         C:\Program Files (x86)\Microsoft Visual Studio 11.0\VC\bin\link.exe /ERRORREPORT:PROMPT /OUT:"..\..\Build\SimulatedNao\Win32\Debug\SimulatedNao.dll" /INCREMENTAL /NOLOGO /LIBPATH:../../Build/Controller/Win32/Debug /LIBPATH:../../Build/qtpropertybrowser/Win32/Debug /LIBPATH:../../Build/libqxt/Win32/Debug /LIBPATH:../../Util/libjpeg/lib /LIBPATH:../../Util/SimRobot/Util/qt/Win32/lib /LIBPATH:../../Util/snappy/lib/Win32/Debug Controller.lib qtpropertybrowser.lib snappy.lib qxt.lib QtCore4.lib QtGui4.lib QtOpenGl4.lib QtSvg4.lib winmm.lib opengl32.lib glu32.lib ws2_32.lib libjpeg.lib kernel32.lib user32.lib gdi32.lib winspool.lib comdlg32.lib advapi32.lib shell32.lib ole32.lib oleaut32.lib uuid.lib odbc32.lib odbccp32.lib /MANIFEST /MANIFESTUAC:"level='asInvoker' uiAccess='false'" /manifest:embed /DEBUG /PDB:"..\..\Build\SimulatedNao\Win32\Debug\SimulatedNao.pdb" /SUBSYSTEM:WINDOWS /TLBID:1 /DYNAMICBASE /NXCOMPAT /IMPLIB:"..\..\Build\SimulatedNao\Win32\Debug\SimulatedNao.lib" /MACHINE:X86 /NODEFAULTLIB:msvcrt.lib /DLL ..\..\Build\SimulatedNao\Win32\Debug\BehaviorControl2013.obj
         ..\..\Build\SimulatedNao\Win32\Debug\Libraries.obj
         ..\..\Build\SimulatedNao\Win32\Debug\LibraryBase.obj
         ..\..\Build\SimulatedNao\Win32\Debug\LibCodeRelease.obj
         ..\..\Build\SimulatedNao\Win32\Debug\CameraControlEngine.obj
         ..\..\Build\SimulatedNao\Win32\Debug\LEDHandler.obj
         ..\..\Build\SimulatedNao\Win32\Debug\ManualHeadMotionProvider.obj
         ..\..\Build\SimulatedNao\Win32\Debug\CameraCalibrator.obj
         ..\..\Build\SimulatedNao\Win32\Debug\CameraCalibratorV4.obj
         ..\..\Build\SimulatedNao\Win32\Debug\CognitionConfigurationDataProvider.obj
         ..\..\Build\SimulatedNao\Win32\Debug\FrictionLearner.obj
         ..\..\Build\SimulatedNao\Win32\Debug\JointCalibrator.obj
         ..\..\Build\SimulatedNao\Win32\Debug\MotionConfigurationDataProvider.obj
         ..\..\Build\SimulatedNao\Win32\Debug\CameraProvider.obj
         ..\..\Build\SimulatedNao\Win32\Debug\CognitionLogDataProvider.obj
         ..\..\Build\SimulatedNao\Win32\Debug\LogConverter.obj
         ..\..\Build\SimulatedNao\Win32\Debug\MotionLogDataProvider.obj
         ..\..\Build\SimulatedNao\Win32\Debug\MotionRobotHealthProvider.obj
         ..\..\Build\SimulatedNao\Win32\Debug\NaoProvider.obj
         ..\..\Build\SimulatedNao\Win32\Debug\RobotHealthProvider.obj
         ..\..\Build\SimulatedNao\Win32\Debug\TeamDataProvider.obj
         ..\..\Build\SimulatedNao\Win32\Debug\TeamDataSender.obj
         ..\..\Build\SimulatedNao\Win32\Debug\ThumbnailProvider.obj
         ..\..\Build\SimulatedNao\Win32\Debug\BallLocator.obj
         ..\..\Build\SimulatedNao\Win32\Debug\CombinedWorldModelProvider.obj
         ..\..\Build\SimulatedNao\Win32\Debug\FieldCoverageProvider.obj
         ..\..\Build\SimulatedNao\Win32\Debug\LineBasedFreePartOfOpponentGoalProvider.obj
         ..\..\Build\SimulatedNao\Win32\Debug\GlobalFieldCoverageProvider.obj
         ..\..\Build\SimulatedNao\Win32\Debug\ObstacleClusterer.obj
         ..\..\Build\SimulatedNao\Win32\Debug\ObstacleCombinator.obj
         ..\..\Build\SimulatedNao\Win32\Debug\ObstacleWheelProvider.obj
         ..\..\Build\SimulatedNao\Win32\Debug\OdometerProvider.obj
         ..\..\Build\SimulatedNao\Win32\Debug\OdometryOnlySelfLocator.obj
         ..\..\Build\SimulatedNao\Win32\Debug\OwnSideModelProvider.obj
         ..\..\Build\SimulatedNao\Win32\Debug\FieldModel.obj
         ..\..\Build\SimulatedNao\Win32\Debug\SelfLocator.obj
         ..\..\Build\SimulatedNao\Win32\Debug\TemplateGenerator.obj
         ..\..\Build\SimulatedNao\Win32\Debug\UKFSample.obj
         ..\..\Build\SimulatedNao\Win32\Debug\TemporarySideConfidenceProvider.obj
         ..\..\Build\SimulatedNao\Win32\Debug\EvidenceGrid.obj
         ..\..\Build\SimulatedNao\Win32\Debug\Grid.obj
         ..\..\Build\SimulatedNao\Win32\Debug\USObstacleModelProvider.obj
         ..\..\Build\SimulatedNao\Win32\Debug\ArmMotionEngine.obj
         ..\..\Build\SimulatedNao\Win32\Debug\BallTaking.obj
         ..\..\Build\SimulatedNao\Win32\Debug\BIKEParameters.obj
         ..\..\Build\SimulatedNao\Win32\Debug\BLAME.obj
         ..\..\Build\SimulatedNao\Win32\Debug\BlameData.obj
         ..\..\Build\SimulatedNao\Win32\Debug\GetUpEngine.obj
         ..\..\Build\SimulatedNao\Win32\Debug\HeadMotionEngine.obj
         ..\..\Build\SimulatedNao\Win32\Debug\MotionCombinator.obj
         ..\..\Build\SimulatedNao\Win32\Debug\MotionSelector.obj
         ..\..\Build\SimulatedNao\Win32\Debug\SpecialActions.obj
         ..\..\Build\SimulatedNao\Win32\Debug\BezierBase.obj
         ..\..\Build\SimulatedNao\Win32\Debug\BKick.obj
         ..\..\Build\SimulatedNao\Win32\Debug\BKickBase.obj
         ..\..\Build\SimulatedNao\Win32\Debug\BSplineGenerator.obj
         ..\..\Build\SimulatedNao\Win32\Debug\CartTableController.obj
         ..\..\Build\SimulatedNao\Win32\Debug\FrontContour.obj
         ..\..\Build\SimulatedNao\Win32\Debug\IndykickEngine.obj
         ..\..\Build\SimulatedNao\Win32\Debug\ShellLimits.obj
         ..\..\Build\SimulatedNao\Win32\Debug\WalkingEngine.obj
         ..\..\Build\SimulatedNao\Win32\Debug\WalkingEngineDrawings.obj
         ..\..\Build\SimulatedNao\Win32\Debug\WalkingEngineKicks.obj
         ..\..\Build\SimulatedNao\Win32\Debug\WalkingEngineTools.obj
         ..\..\Build\SimulatedNao\Win32\Debug\BallPerceptor.obj
         ..\..\Build\SimulatedNao\Win32\Debug\BodyContourProvider.obj
         ..\..\Build\SimulatedNao\Win32\Debug\CameraMatrixProvider.obj
         ..\..\Build\SimulatedNao\Win32\Debug\ColorProvider.obj
         ..\..\Build\SimulatedNao\Win32\Debug\CoordinateSystemProvider.obj
         ..\..\Build\SimulatedNao\Win32\Debug\FieldBoundaryProvider.obj
         ..\..\Build\SimulatedNao\Win32\Debug\GoalPerceptor.obj
         ..\..\Build\SimulatedNao\Win32\Debug\LinePerceptor.obj
         ..\..\Build\SimulatedNao\Win32\Debug\ObstacleSpotProvider.obj
         ..\..\Build\SimulatedNao\Win32\Debug\PointExplorer.obj
         ..\..\Build\SimulatedNao\Win32\Debug\PossibleObstacleSpotProvider.obj
         ..\..\Build\SimulatedNao\Win32\Debug\RegionAnalyzer.obj
         ..\..\Build\SimulatedNao\Win32\Debug\Regionizer.obj
         ..\..\Build\SimulatedNao\Win32\Debug\RobotCameraMatrixProvider.obj
         ..\..\Build\SimulatedNao\Win32\Debug\ArmContactModelProvider.obj
         ..\..\Build\SimulatedNao\Win32\Debug\ExpInertiaSensorFilter3D.obj
         ..\..\Build\SimulatedNao\Win32\Debug\FallDownStateDetector.obj
         ..\..\Build\SimulatedNao\Win32\Debug\FootContactModelProvider.obj
         ..\..\Build\SimulatedNao\Win32\Debug\FsrDataProvider.obj
         ..\..\Build\SimulatedNao\Win32\Debug\FsrZmpProvider.obj
         ..\..\Build\SimulatedNao\Win32\Debug\GroundContactDetector.obj
         ..\..\Build\SimulatedNao\Win32\Debug\InertiaSensorCalibrator.obj
         ..\..\Build\SimulatedNao\Win32\Debug\InertiaSensorFilter.obj
         ..\..\Build\SimulatedNao\Win32\Debug\JointDynamicsProvider.obj
         ..\..\Build\SimulatedNao\Win32\Debug\JointFilter.obj
         ..\..\Build\SimulatedNao\Win32\Debug\RobotModelProvider.obj
         ..\..\Build\SimulatedNao\Win32\Debug\SensorFilter.obj
         ..\..\Build\SimulatedNao\Win32\Debug\TorsoMatrixProvider.obj
         ..\..\Build\SimulatedNao\Win32\Debug\USControl.obj
         ..\..\Build\SimulatedNao\Win32\Debug\File.obj
         ..\..\Build\SimulatedNao\Win32\Debug\TcpComm.obj
         ..\..\Build\SimulatedNao\Win32\Debug\UdpComm.obj
         ..\..\Build\SimulatedNao\Win32\Debug\Robot.obj
         ..\..\Build\SimulatedNao\Win32\Debug\SystemCall.obj
         ..\..\Build\SimulatedNao\Win32\Debug\BHAssert.obj
         ..\..\Build\SimulatedNao\Win32\Debug\Semaphore.obj
         ..\..\Build\SimulatedNao\Win32\Debug\SoundPlayer.obj
         ..\..\Build\SimulatedNao\Win32\Debug\Cognition.obj
         ..\..\Build\SimulatedNao\Win32\Debug\Debug.obj
         ..\..\Build\SimulatedNao\Win32\Debug\Motion.obj
         ..\..\Build\SimulatedNao\Win32\Debug\Blackboard.obj
         ..\..\Build\SimulatedNao\Win32\Debug\CameraSettings.obj
         ..\..\Build\SimulatedNao\Win32\Debug\FieldDimensions.obj
         ..\..\Build\SimulatedNao\Win32\Debug\HeadLimits.obj
         ..\..\Build\SimulatedNao\Win32\Debug\CameraInfo.obj
         ..\..\Build\SimulatedNao\Win32\Debug\GameInfo.obj
         ..\..\Build\SimulatedNao\Win32\Debug\Image.obj
         ..\..\Build\SimulatedNao\Win32\Debug\RobotInfo.obj
         ..\..\Build\SimulatedNao\Win32\Debug\TeamInfo.obj
         ..\..\Build\SimulatedNao\Win32\Debug\TeamMateData.obj
         ..\..\Build\SimulatedNao\Win32\Debug\Thumbnail.obj
         ..\..\Build\SimulatedNao\Win32\Debug\BallModel.obj
         ..\..\Build\SimulatedNao\Win32\Debug\CombinedWorldModel.obj
         ..\..\Build\SimulatedNao\Win32\Debug\FieldCoverage.obj
         ..\..\Build\SimulatedNao\Win32\Debug\FreePartOfOpponentGoalModel.obj
         ..\..\Build\SimulatedNao\Win32\Debug\GlobalFieldCoverage.obj
         ..\..\Build\SimulatedNao\Win32\Debug\ObstacleClusters.obj
         ..\..\Build\SimulatedNao\Win32\Debug\ObstacleModel.obj
         ..\..\Build\SimulatedNao\Win32\Debug\ObstacleWheel.obj
         ..\..\Build\SimulatedNao\Win32\Debug\RobotPose.obj
         ..\..\Build\SimulatedNao\Win32\Debug\RobotsModel.obj
         ..\..\Build\SimulatedNao\Win32\Debug\BikeRequest.obj
         ..\..\Build\SimulatedNao\Win32\Debug\MotionRequest.obj
         ..\..\Build\SimulatedNao\Win32\Debug\SpecialActionRequest.obj
         ..\..\Build\SimulatedNao\Win32\Debug\BallPercept.obj
         ..\..\Build\SimulatedNao\Win32\Debug\BodyContour.obj
         ..\..\Build\SimulatedNao\Win32\Debug\CameraMatrix.obj
         ..\..\Build\SimulatedNao\Win32\Debug\ColorReference.obj
         ..\..\Build\SimulatedNao\Win32\Debug\FieldBoundary.obj
         ..\..\Build\SimulatedNao\Win32\Debug\GoalPercept.obj
         ..\..\Build\SimulatedNao\Win32\Debug\ImageCoordinateSystem.obj
         ..\..\Build\SimulatedNao\Win32\Debug\JPEGImage.obj
         ..\..\Build\SimulatedNao\Win32\Debug\LinePercept.obj
         ..\..\Build\SimulatedNao\Win32\Debug\RegionPercept.obj
         ..\..\Build\SimulatedNao\Win32\Debug\BodyDynamics.obj
         ..\..\Build\SimulatedNao\Win32\Debug\FallDownState.obj
         ..\..\Build\SimulatedNao\Win32\Debug\RobotModel.obj
         ..\..\Build\SimulatedNao\Win32\Debug\Enum.obj
         ..\..\Build\SimulatedNao\Win32\Debug\Global.obj
         ..\..\Build\SimulatedNao\Win32\Debug\NTP.obj
         ..\..\Build\SimulatedNao\Win32\Debug\PathFinder.obj
         ..\..\Build\SimulatedNao\Win32\Debug\Settings.obj
         ..\..\Build\SimulatedNao\Win32\Debug\BodyDynamicsProviderDelegate.obj
         ..\..\Build\SimulatedNao\Win32\Debug\CognitionLogger.obj
         ..\..\Build\SimulatedNao\Win32\Debug\DebugDataStreamer.obj
         ..\..\Build\SimulatedNao\Win32\Debug\DebugDataTable.obj
         ..\..\Build\SimulatedNao\Win32\Debug\DebugDrawings.obj
         ..\..\Build\SimulatedNao\Win32\Debug\DebugRequest.obj
         ..\..\Build\SimulatedNao\Win32\Debug\QueueFillRequest.obj
         ..\..\Build\SimulatedNao\Win32\Debug\TcpConnection.obj
         ..\..\Build\SimulatedNao\Win32\Debug\TimingManager.obj
         ..\..\Build\SimulatedNao\Win32\Debug\Differentiator.obj
         ..\..\Build\SimulatedNao\Win32\Debug\GaussianDistribution.obj
         ..\..\Build\SimulatedNao\Win32\Debug\GaussianDistribution2D.obj
         ..\..\Build\SimulatedNao\Win32\Debug\GaussianDistribution3D.obj
         ..\..\Build\SimulatedNao\Win32\Debug\Geometry.obj
         ..\..\Build\SimulatedNao\Win32\Debug\Matrix.obj
         ..\..\Build\SimulatedNao\Win32\Debug\MVTools.obj
         ..\..\Build\SimulatedNao\Win32\Debug\Pose2D.obj
         ..\..\Build\SimulatedNao\Win32\Debug\RotationMatrix.obj
         ..\..\Build\SimulatedNao\Win32\Debug\InMessage.obj
         ..\..\Build\SimulatedNao\Win32\Debug\MessageQueue.obj
         ..\..\Build\SimulatedNao\Win32\Debug\MessageQueueBase.obj
         ..\..\Build\SimulatedNao\Win32\Debug\OutMessage.obj
         ..\..\Build\SimulatedNao\Win32\Debug\Module.obj
         ..\..\Build\SimulatedNao\Win32\Debug\ModuleManager.obj
         ..\..\Build\SimulatedNao\Win32\Debug\DownhillSimplex.obj
         ..\..\Build\SimulatedNao\Win32\Debug\ParticleSwarm.obj
         ..\..\Build\SimulatedNao\Win32\Debug\Process.obj
         ..\..\Build\SimulatedNao\Win32\Debug\ProcessFramework.obj
         ..\..\Build\SimulatedNao\Win32\Debug\Receiver.obj
         ..\..\Build\SimulatedNao\Win32\Debug\Sender.obj
         ..\..\Build\SimulatedNao\Win32\Debug\TeamHandler.obj
         ..\..\Build\SimulatedNao\Win32\Debug\InOut.obj
         ..\..\Build\SimulatedNao\Win32\Debug\InStreams.obj
         ..\..\Build\SimulatedNao\Win32\Debug\OutStreams.obj
         ..\..\Build\SimulatedNao\Win32\Debug\SimpleMap.obj
         ..\..\Build\SimulatedNao\Win32\Debug\Streamable.obj
         ..\..\Build\SimulatedNao\Win32\Debug\StreamHandler.obj
            Creating library ..\..\Build\SimulatedNao\Win32\Debug\SimulatedNao.lib and object ..\..\Build\SimulatedNao\Win32\Debug\SimulatedNao.exp
         SimulatedNao.vcxproj -> C:\Users\fabian\AfstudeerProject\BHuman2013-master\Make\VS2012\..\..\Build\SimulatedNao\Win32\Debug\SimulatedNao.dll
     1>Done Building Project "C:\Users\fabian\AfstudeerProject\BHuman2013-master\Make\VS2012\SimulatedNao.vcxproj" (Build target(s)).

Build succeeded.

Time Elapsed 00:00:09.63
